<?xml version="1.0" encoding="UTF-8"?>
<!-- Generated by org.testng.reporters.JUnitReportReporter -->
<testsuite skipped="0" hostname="Azizurahmans-MacBook-Air.local" name="testNG.concepts.TestNGAnnotations" tests="4" failures="0" timestamp="28 Oct 2020 23:54:05 GMT" time="0.019" errors="0">
  <testcase name="test_without_priority" time="0.010" classname="testNG.concepts.TestNGAnnotations"/>
  <testcase name="test_one" time="0.003" classname="testNG.concepts.TestNGAnnotations"/>
  <testcase name="test_two" time="0.003" classname="testNG.concepts.TestNGAnnotations"/>
  <testcase name="test_three" time="0.003" classname="testNG.concepts.TestNGAnnotations"/>
</testsuite> <!-- testNG.concepts.TestNGAnnotations -->
