<?xml version="1.0" encoding="UTF-8"?>
<!-- Generated by org.testng.reporters.JUnitReportReporter -->
<testsuite skipped="0" hostname="Azizurahmans-MacBook-Air.local" name="testNG.concepts.TestNGGroups" tests="3" failures="0" timestamp="29 Oct 2020 00:31:06 GMT" time="0.032" errors="0">
  <testcase name="testSmoke_two" time="0.013" classname="testNG.concepts.TestNGGroups"/>
  <testcase name="testSmoke" time="0.013" classname="testNG.concepts.TestNGGroups"/>
  <testcase name="testSmoke_three" time="0.006" classname="testNG.concepts.TestNGGroups"/>
</testsuite> <!-- testNG.concepts.TestNGGroups -->
