<?xml version="1.0" encoding="UTF-8"?>
<!-- Generated by org.testng.reporters.JUnitReportReporter -->
<testsuite skipped="1" hostname="Azizurahmans-MacBook-Air.local" name="testNG.concepts.TestNGDataDrivenConcepts" tests="3" failures="0" timestamp="30 Oct 2020 00:23:28 GMT" time="0.011" errors="0">
  <testcase name="dataProviderExample" time="0.009" classname="testNG.concepts.TestNGDataDrivenConcepts"/>
  <testcase name="dataProviderExample" time="0.002" classname="testNG.concepts.TestNGDataDrivenConcepts"/>
  <testcase name="parametersExample" classname="testNG.concepts.TestNGDataDrivenConcepts">
    <skipped/>
  </testcase> <!-- parametersExample -->
</testsuite> <!-- testNG.concepts.TestNGDataDrivenConcepts -->
